[debug] "not up to date. inChanged = true, force = false
[debug] Updating ...
[warn] 
[warn] 	Note: Unresolved dependencies path:
[error] sbt.librarymanagement.ResolveException: Error downloading com.github.pureconfig:pureconfig_2.13:0.8.0
[error]   Not found
[error]   Not found
[error]   not found: /home/safia/.ivy2/local/com.github.pureconfig/pureconfig_2.13/0.8.0/ivys/ivy.xml
[error]   not found: https://repo1.maven.org/maven2/com/github/pureconfig/pureconfig_2.13/0.8.0/pureconfig_2.13-0.8.0.pom
[error]   not found: https://oss.sonatype.org/content/repositories/snapshots/com/github/pureconfig/pureconfig_2.13/0.8.0/pureconfig_2.13-0.8.0.pom
[error] Error downloading io.circe:circe-parser_2.13:0.9.0-M2
[error]   Not found
[error]   Not found
[error]   not found: /home/safia/.ivy2/local/io.circe/circe-parser_2.13/0.9.0-M2/ivys/ivy.xml
[error]   not found: https://repo1.maven.org/maven2/io/circe/circe-parser_2.13/0.9.0-M2/circe-parser_2.13-0.9.0-M2.pom
[error]   not found: https://oss.sonatype.org/content/repositories/snapshots/io/circe/circe-parser_2.13/0.9.0-M2/circe-parser_2.13-0.9.0-M2.pom
[error] Error downloading io.circe:circe-generic_2.13:0.9.0-M2
[error]   Not found
[error]   Not found
[error]   not found: /home/safia/.ivy2/local/io.circe/circe-generic_2.13/0.9.0-M2/ivys/ivy.xml
[error]   not found: https://repo1.maven.org/maven2/io/circe/circe-generic_2.13/0.9.0-M2/circe-generic_2.13-0.9.0-M2.pom
[error]   not found: https://oss.sonatype.org/content/repositories/snapshots/io/circe/circe-generic_2.13/0.9.0-M2/circe-generic_2.13-0.9.0-M2.pom
[error] Error downloading org.scalatest:scalatest_2.13:3.0.4
[error]   Not found
[error]   Not found
[error]   not found: /home/safia/.ivy2/local/org.scalatest/scalatest_2.13/3.0.4/ivys/ivy.xml
[error]   not found: https://repo1.maven.org/maven2/org/scalatest/scalatest_2.13/3.0.4/scalatest_2.13-3.0.4.pom
[error]   not found: https://oss.sonatype.org/content/repositories/snapshots/org/scalatest/scalatest_2.13/3.0.4/scalatest_2.13-3.0.4.pom
[error] Error downloading org.tpolecat:doobie-hikari_2.13:0.5.0-M9
[error]   Not found
[error]   Not found
[error]   not found: /home/safia/.ivy2/local/org.tpolecat/doobie-hikari_2.13/0.5.0-M9/ivys/ivy.xml
[error]   not found: https://repo1.maven.org/maven2/org/tpolecat/doobie-hikari_2.13/0.5.0-M9/doobie-hikari_2.13-0.5.0-M9.pom
[error]   not found: https://oss.sonatype.org/content/repositories/snapshots/org/tpolecat/doobie-hikari_2.13/0.5.0-M9/doobie-hikari_2.13-0.5.0-M9.pom
[error] Error downloading org.http4s:http4s-circe_2.13:0.18.0-M5
[error]   Not found
[error]   Not found
[error]   not found: /home/safia/.ivy2/local/org.http4s/http4s-circe_2.13/0.18.0-M5/ivys/ivy.xml
[error]   not found: https://repo1.maven.org/maven2/org/http4s/http4s-circe_2.13/0.18.0-M5/http4s-circe_2.13-0.18.0-M5.pom
[error]   not found: https://oss.sonatype.org/content/repositories/snapshots/org/http4s/http4s-circe_2.13/0.18.0-M5/http4s-circe_2.13-0.18.0-M5.pom
[error] Error downloading org.tpolecat:doobie-core_2.13:0.5.0-M9
[error]   Not found
[error]   Not found
[error]   not found: /home/safia/.ivy2/local/org.tpolecat/doobie-core_2.13/0.5.0-M9/ivys/ivy.xml
[error]   not found: https://repo1.maven.org/maven2/org/tpolecat/doobie-core_2.13/0.5.0-M9/doobie-core_2.13-0.5.0-M9.pom
[error]   not found: https://oss.sonatype.org/content/repositories/snapshots/org/tpolecat/doobie-core_2.13/0.5.0-M9/doobie-core_2.13-0.5.0-M9.pom
[error] Error downloading org.tpolecat:doobie-h2_2.13:0.5.0-M9
[error]   Not found
[error]   Not found
[error]   not found: /home/safia/.ivy2/local/org.tpolecat/doobie-h2_2.13/0.5.0-M9/ivys/ivy.xml
[error]   not found: https://repo1.maven.org/maven2/org/tpolecat/doobie-h2_2.13/0.5.0-M9/doobie-h2_2.13-0.5.0-M9.pom
[error]   not found: https://oss.sonatype.org/content/repositories/snapshots/org/tpolecat/doobie-h2_2.13/0.5.0-M9/doobie-h2_2.13-0.5.0-M9.pom
[error] Error downloading org.typelevel:cats-core_2.13:1.0.0-RC1
[error]   Not found
[error]   Not found
[error]   not found: /home/safia/.ivy2/local/org.typelevel/cats-core_2.13/1.0.0-RC1/ivys/ivy.xml
[error]   not found: https://repo1.maven.org/maven2/org/typelevel/cats-core_2.13/1.0.0-RC1/cats-core_2.13-1.0.0-RC1.pom
[error]   not found: https://oss.sonatype.org/content/repositories/snapshots/org/typelevel/cats-core_2.13/1.0.0-RC1/cats-core_2.13-1.0.0-RC1.pom
[error] Error downloading org.http4s:http4s-dsl_2.13:0.18.0-M5
[error]   Not found
[error]   Not found
[error]   not found: /home/safia/.ivy2/local/org.http4s/http4s-dsl_2.13/0.18.0-M5/ivys/ivy.xml
[error]   not found: https://repo1.maven.org/maven2/org/http4s/http4s-dsl_2.13/0.18.0-M5/http4s-dsl_2.13-0.18.0-M5.pom
[error]   not found: https://oss.sonatype.org/content/repositories/snapshots/org/http4s/http4s-dsl_2.13/0.18.0-M5/http4s-dsl_2.13-0.18.0-M5.pom
[error] Error downloading io.circe:circe-optics_2.13:0.9.0-M2
[error]   Not found
[error]   Not found
[error]   not found: /home/safia/.ivy2/local/io.circe/circe-optics_2.13/0.9.0-M2/ivys/ivy.xml
[error]   not found: https://repo1.maven.org/maven2/io/circe/circe-optics_2.13/0.9.0-M2/circe-optics_2.13-0.9.0-M2.pom
[error]   not found: https://oss.sonatype.org/content/repositories/snapshots/io/circe/circe-optics_2.13/0.9.0-M2/circe-optics_2.13-0.9.0-M2.pom
[error] Error downloading io.circe:circe-literal_2.13:0.9.0-M2
[error]   Not found
[error]   Not found
[error]   not found: /home/safia/.ivy2/local/io.circe/circe-literal_2.13/0.9.0-M2/ivys/ivy.xml
[error]   not found: https://repo1.maven.org/maven2/io/circe/circe-literal_2.13/0.9.0-M2/circe-literal_2.13-0.9.0-M2.pom
[error]   not found: https://oss.sonatype.org/content/repositories/snapshots/io/circe/circe-literal_2.13/0.9.0-M2/circe-literal_2.13-0.9.0-M2.pom
[error] Error downloading io.circe:circe-generic-extras_2.13:0.9.0-M2
[error]   Not found
[error]   Not found
[error]   not found: /home/safia/.ivy2/local/io.circe/circe-generic-extras_2.13/0.9.0-M2/ivys/ivy.xml
[error]   not found: https://repo1.maven.org/maven2/io/circe/circe-generic-extras_2.13/0.9.0-M2/circe-generic-extras_2.13-0.9.0-M2.pom
[error]   not found: https://oss.sonatype.org/content/repositories/snapshots/io/circe/circe-generic-extras_2.13/0.9.0-M2/circe-generic-extras_2.13-0.9.0-M2.pom
[error] Error downloading org.tpolecat:doobie-scalatest_2.13:0.5.0-M9
[error]   Not found
[error]   Not found
[error]   not found: /home/safia/.ivy2/local/org.tpolecat/doobie-scalatest_2.13/0.5.0-M9/ivys/ivy.xml
[error]   not found: https://repo1.maven.org/maven2/org/tpolecat/doobie-scalatest_2.13/0.5.0-M9/doobie-scalatest_2.13-0.5.0-M9.pom
[error]   not found: https://oss.sonatype.org/content/repositories/snapshots/org/tpolecat/doobie-scalatest_2.13/0.5.0-M9/doobie-scalatest_2.13-0.5.0-M9.pom
[error] Error downloading org.http4s:http4s-blaze-server_2.13:0.18.0-M5
[error]   Not found
[error]   Not found
[error]   not found: /home/safia/.ivy2/local/org.http4s/http4s-blaze-server_2.13/0.18.0-M5/ivys/ivy.xml
[error]   not found: https://repo1.maven.org/maven2/org/http4s/http4s-blaze-server_2.13/0.18.0-M5/http4s-blaze-server_2.13-0.18.0-M5.pom
[error]   not found: https://oss.sonatype.org/content/repositories/snapshots/org/http4s/http4s-blaze-server_2.13/0.18.0-M5/http4s-blaze-server_2.13-0.18.0-M5.pom
[error] Error downloading org.scalacheck:scalacheck_2.13:1.13.5
[error]   Not found
[error]   Not found
[error]   not found: /home/safia/.ivy2/local/org.scalacheck/scalacheck_2.13/1.13.5/ivys/ivy.xml
[error]   not found: https://repo1.maven.org/maven2/org/scalacheck/scalacheck_2.13/1.13.5/scalacheck_2.13-1.13.5.pom
[error]   not found: https://oss.sonatype.org/content/repositories/snapshots/org/scalacheck/scalacheck_2.13/1.13.5/scalacheck_2.13-1.13.5.pom
[error] Error downloading io.circe:circe-java8_2.13:0.9.0-M2
[error]   Not found
[error]   Not found
[error]   not found: /home/safia/.ivy2/local/io.circe/circe-java8_2.13/0.9.0-M2/ivys/ivy.xml
[error]   not found: https://repo1.maven.org/maven2/io/circe/circe-java8_2.13/0.9.0-M2/circe-java8_2.13-0.9.0-M2.pom
[error]   not found: https://oss.sonatype.org/content/repositories/snapshots/io/circe/circe-java8_2.13/0.9.0-M2/circe-java8_2.13-0.9.0-M2.pom
[error] 	at lmcoursier.CoursierDependencyResolution.unresolvedWarningOrThrow(CoursierDependencyResolution.scala:246)
[error] 	at lmcoursier.CoursierDependencyResolution.$anonfun$update$34(CoursierDependencyResolution.scala:215)
[error] 	at scala.util.Either$LeftProjection.map(Either.scala:573)
[error] 	at lmcoursier.CoursierDependencyResolution.update(CoursierDependencyResolution.scala:215)
[error] 	at sbt.librarymanagement.DependencyResolution.update(DependencyResolution.scala:60)
[error] 	at sbt.internal.LibraryManagement$.resolve$1(LibraryManagement.scala:52)
[error] 	at sbt.internal.LibraryManagement$.$anonfun$cachedUpdate$12(LibraryManagement.scala:102)
[error] 	at sbt.util.Tracked$.$anonfun$lastOutput$1(Tracked.scala:69)
[error] 	at sbt.internal.LibraryManagement$.$anonfun$cachedUpdate$20(LibraryManagement.scala:115)
[error] 	at scala.util.control.Exception$Catch.apply(Exception.scala:228)
[error] 	at sbt.internal.LibraryManagement$.$anonfun$cachedUpdate$11(LibraryManagement.scala:115)
[error] 	at sbt.internal.LibraryManagement$.$anonfun$cachedUpdate$11$adapted(LibraryManagement.scala:96)
[error] 	at sbt.util.Tracked$.$anonfun$inputChanged$1(Tracked.scala:150)
[error] 	at sbt.internal.LibraryManagement$.cachedUpdate(LibraryManagement.scala:129)
[error] 	at sbt.Classpaths$.$anonfun$updateTask0$5(Defaults.scala:2947)
[error] 	at scala.Function1.$anonfun$compose$1(Function1.scala:49)
[error] 	at sbt.internal.util.$tilde$greater.$anonfun$$u2219$1(TypeFunctions.scala:62)
[error] 	at sbt.std.Transform$$anon$4.work(Transform.scala:67)
[error] 	at sbt.Execute.$anonfun$submit$2(Execute.scala:281)
[error] 	at sbt.internal.util.ErrorHandling$.wideConvert(ErrorHandling.scala:19)
[error] 	at sbt.Execute.work(Execute.scala:290)
[error] 	at sbt.Execute.$anonfun$submit$1(Execute.scala:281)
[error] 	at sbt.ConcurrentRestrictions$$anon$4.$anonfun$submitValid$1(ConcurrentRestrictions.scala:178)
[error] 	at sbt.CompletionService$$anon$2.call(CompletionService.scala:37)
[error] 	at java.base/java.util.concurrent.FutureTask.run(FutureTask.java:264)
[error] 	at java.base/java.util.concurrent.Executors$RunnableAdapter.call(Executors.java:515)
[error] 	at java.base/java.util.concurrent.FutureTask.run(FutureTask.java:264)
[error] 	at java.base/java.util.concurrent.ThreadPoolExecutor.runWorker(ThreadPoolExecutor.java:1128)
[error] 	at java.base/java.util.concurrent.ThreadPoolExecutor$Worker.run(ThreadPoolExecutor.java:628)
[error] 	at java.base/java.lang.Thread.run(Thread.java:834)
[error] (update) sbt.librarymanagement.ResolveException: Error downloading com.github.pureconfig:pureconfig_2.13:0.8.0
[error]   Not found
[error]   Not found
[error]   not found: /home/safia/.ivy2/local/com.github.pureconfig/pureconfig_2.13/0.8.0/ivys/ivy.xml
[error]   not found: https://repo1.maven.org/maven2/com/github/pureconfig/pureconfig_2.13/0.8.0/pureconfig_2.13-0.8.0.pom
[error]   not found: https://oss.sonatype.org/content/repositories/snapshots/com/github/pureconfig/pureconfig_2.13/0.8.0/pureconfig_2.13-0.8.0.pom
[error] Error downloading io.circe:circe-parser_2.13:0.9.0-M2
[error]   Not found
[error]   Not found
[error]   not found: /home/safia/.ivy2/local/io.circe/circe-parser_2.13/0.9.0-M2/ivys/ivy.xml
[error]   not found: https://repo1.maven.org/maven2/io/circe/circe-parser_2.13/0.9.0-M2/circe-parser_2.13-0.9.0-M2.pom
[error]   not found: https://oss.sonatype.org/content/repositories/snapshots/io/circe/circe-parser_2.13/0.9.0-M2/circe-parser_2.13-0.9.0-M2.pom
[error] Error downloading io.circe:circe-generic_2.13:0.9.0-M2
[error]   Not found
[error]   Not found
[error]   not found: /home/safia/.ivy2/local/io.circe/circe-generic_2.13/0.9.0-M2/ivys/ivy.xml
[error]   not found: https://repo1.maven.org/maven2/io/circe/circe-generic_2.13/0.9.0-M2/circe-generic_2.13-0.9.0-M2.pom
[error]   not found: https://oss.sonatype.org/content/repositories/snapshots/io/circe/circe-generic_2.13/0.9.0-M2/circe-generic_2.13-0.9.0-M2.pom
[error] Error downloading org.scalatest:scalatest_2.13:3.0.4
[error]   Not found
[error]   Not found
[error]   not found: /home/safia/.ivy2/local/org.scalatest/scalatest_2.13/3.0.4/ivys/ivy.xml
[error]   not found: https://repo1.maven.org/maven2/org/scalatest/scalatest_2.13/3.0.4/scalatest_2.13-3.0.4.pom
[error]   not found: https://oss.sonatype.org/content/repositories/snapshots/org/scalatest/scalatest_2.13/3.0.4/scalatest_2.13-3.0.4.pom
[error] Error downloading org.tpolecat:doobie-hikari_2.13:0.5.0-M9
[error]   Not found
[error]   Not found
[error]   not found: /home/safia/.ivy2/local/org.tpolecat/doobie-hikari_2.13/0.5.0-M9/ivys/ivy.xml
[error]   not found: https://repo1.maven.org/maven2/org/tpolecat/doobie-hikari_2.13/0.5.0-M9/doobie-hikari_2.13-0.5.0-M9.pom
[error]   not found: https://oss.sonatype.org/content/repositories/snapshots/org/tpolecat/doobie-hikari_2.13/0.5.0-M9/doobie-hikari_2.13-0.5.0-M9.pom
[error] Error downloading org.http4s:http4s-circe_2.13:0.18.0-M5
[error]   Not found
[error]   Not found
[error]   not found: /home/safia/.ivy2/local/org.http4s/http4s-circe_2.13/0.18.0-M5/ivys/ivy.xml
[error]   not found: https://repo1.maven.org/maven2/org/http4s/http4s-circe_2.13/0.18.0-M5/http4s-circe_2.13-0.18.0-M5.pom
[error]   not found: https://oss.sonatype.org/content/repositories/snapshots/org/http4s/http4s-circe_2.13/0.18.0-M5/http4s-circe_2.13-0.18.0-M5.pom
[error] Error downloading org.tpolecat:doobie-core_2.13:0.5.0-M9
[error]   Not found
[error]   Not found
[error]   not found: /home/safia/.ivy2/local/org.tpolecat/doobie-core_2.13/0.5.0-M9/ivys/ivy.xml
[error]   not found: https://repo1.maven.org/maven2/org/tpolecat/doobie-core_2.13/0.5.0-M9/doobie-core_2.13-0.5.0-M9.pom
[error]   not found: https://oss.sonatype.org/content/repositories/snapshots/org/tpolecat/doobie-core_2.13/0.5.0-M9/doobie-core_2.13-0.5.0-M9.pom
[error] Error downloading org.tpolecat:doobie-h2_2.13:0.5.0-M9
[error]   Not found
[error]   Not found
[error]   not found: /home/safia/.ivy2/local/org.tpolecat/doobie-h2_2.13/0.5.0-M9/ivys/ivy.xml
[error]   not found: https://repo1.maven.org/maven2/org/tpolecat/doobie-h2_2.13/0.5.0-M9/doobie-h2_2.13-0.5.0-M9.pom
[error]   not found: https://oss.sonatype.org/content/repositories/snapshots/org/tpolecat/doobie-h2_2.13/0.5.0-M9/doobie-h2_2.13-0.5.0-M9.pom
[error] Error downloading org.typelevel:cats-core_2.13:1.0.0-RC1
[error]   Not found
[error]   Not found
[error]   not found: /home/safia/.ivy2/local/org.typelevel/cats-core_2.13/1.0.0-RC1/ivys/ivy.xml
[error]   not found: https://repo1.maven.org/maven2/org/typelevel/cats-core_2.13/1.0.0-RC1/cats-core_2.13-1.0.0-RC1.pom
[error]   not found: https://oss.sonatype.org/content/repositories/snapshots/org/typelevel/cats-core_2.13/1.0.0-RC1/cats-core_2.13-1.0.0-RC1.pom
[error] Error downloading org.http4s:http4s-dsl_2.13:0.18.0-M5
[error]   Not found
[error]   Not found
[error]   not found: /home/safia/.ivy2/local/org.http4s/http4s-dsl_2.13/0.18.0-M5/ivys/ivy.xml
[error]   not found: https://repo1.maven.org/maven2/org/http4s/http4s-dsl_2.13/0.18.0-M5/http4s-dsl_2.13-0.18.0-M5.pom
[error]   not found: https://oss.sonatype.org/content/repositories/snapshots/org/http4s/http4s-dsl_2.13/0.18.0-M5/http4s-dsl_2.13-0.18.0-M5.pom
[error] Error downloading io.circe:circe-optics_2.13:0.9.0-M2
[error]   Not found
[error]   Not found
[error]   not found: /home/safia/.ivy2/local/io.circe/circe-optics_2.13/0.9.0-M2/ivys/ivy.xml
[error]   not found: https://repo1.maven.org/maven2/io/circe/circe-optics_2.13/0.9.0-M2/circe-optics_2.13-0.9.0-M2.pom
[error]   not found: https://oss.sonatype.org/content/repositories/snapshots/io/circe/circe-optics_2.13/0.9.0-M2/circe-optics_2.13-0.9.0-M2.pom
[error] Error downloading io.circe:circe-literal_2.13:0.9.0-M2
[error]   Not found
[error]   Not found
[error]   not found: /home/safia/.ivy2/local/io.circe/circe-literal_2.13/0.9.0-M2/ivys/ivy.xml
[error]   not found: https://repo1.maven.org/maven2/io/circe/circe-literal_2.13/0.9.0-M2/circe-literal_2.13-0.9.0-M2.pom
[error]   not found: https://oss.sonatype.org/content/repositories/snapshots/io/circe/circe-literal_2.13/0.9.0-M2/circe-literal_2.13-0.9.0-M2.pom
[error] Error downloading io.circe:circe-generic-extras_2.13:0.9.0-M2
[error]   Not found
[error]   Not found
[error]   not found: /home/safia/.ivy2/local/io.circe/circe-generic-extras_2.13/0.9.0-M2/ivys/ivy.xml
[error]   not found: https://repo1.maven.org/maven2/io/circe/circe-generic-extras_2.13/0.9.0-M2/circe-generic-extras_2.13-0.9.0-M2.pom
[error]   not found: https://oss.sonatype.org/content/repositories/snapshots/io/circe/circe-generic-extras_2.13/0.9.0-M2/circe-generic-extras_2.13-0.9.0-M2.pom
[error] Error downloading org.tpolecat:doobie-scalatest_2.13:0.5.0-M9
[error]   Not found
[error]   Not found
[error]   not found: /home/safia/.ivy2/local/org.tpolecat/doobie-scalatest_2.13/0.5.0-M9/ivys/ivy.xml
[error]   not found: https://repo1.maven.org/maven2/org/tpolecat/doobie-scalatest_2.13/0.5.0-M9/doobie-scalatest_2.13-0.5.0-M9.pom
[error]   not found: https://oss.sonatype.org/content/repositories/snapshots/org/tpolecat/doobie-scalatest_2.13/0.5.0-M9/doobie-scalatest_2.13-0.5.0-M9.pom
[error] Error downloading org.http4s:http4s-blaze-server_2.13:0.18.0-M5
[error]   Not found
[error]   Not found
[error]   not found: /home/safia/.ivy2/local/org.http4s/http4s-blaze-server_2.13/0.18.0-M5/ivys/ivy.xml
[error]   not found: https://repo1.maven.org/maven2/org/http4s/http4s-blaze-server_2.13/0.18.0-M5/http4s-blaze-server_2.13-0.18.0-M5.pom
[error]   not found: https://oss.sonatype.org/content/repositories/snapshots/org/http4s/http4s-blaze-server_2.13/0.18.0-M5/http4s-blaze-server_2.13-0.18.0-M5.pom
[error] Error downloading org.scalacheck:scalacheck_2.13:1.13.5
[error]   Not found
[error]   Not found
[error]   not found: /home/safia/.ivy2/local/org.scalacheck/scalacheck_2.13/1.13.5/ivys/ivy.xml
[error]   not found: https://repo1.maven.org/maven2/org/scalacheck/scalacheck_2.13/1.13.5/scalacheck_2.13-1.13.5.pom
[error]   not found: https://oss.sonatype.org/content/repositories/snapshots/org/scalacheck/scalacheck_2.13/1.13.5/scalacheck_2.13-1.13.5.pom
[error] Error downloading io.circe:circe-java8_2.13:0.9.0-M2
[error]   Not found
[error]   Not found
[error]   not found: /home/safia/.ivy2/local/io.circe/circe-java8_2.13/0.9.0-M2/ivys/ivy.xml
[error]   not found: https://repo1.maven.org/maven2/io/circe/circe-java8_2.13/0.9.0-M2/circe-java8_2.13-0.9.0-M2.pom
[error]   not found: https://oss.sonatype.org/content/repositories/snapshots/io/circe/circe-java8_2.13/0.9.0-M2/circe-java8_2.13-0.9.0-M2.pom
